<?xml version="1.0" encoding="UTF-8"?>
<!-- Generated by org.testng.reporters.JUnitXMLReporter -->
<testsuite ignored="0" hostname="WSAMZN-AO2UGDUI" failures="0" tests="8" name="Default test" time="40.642" errors="0" timestamp="2023-01-09T09:26:40 IST">
  <testcase classname="TestClasses.HomePageFunctionality" name="verifyHeaderFunctionality" time="1.931"/>
  <testcase classname="TestClasses.HomePageFunctionality" name="verifyDateTimeFunctionality" time="0.341"/>
  <testcase classname="TestClasses.HomePageFunctionality" name="verifyMultilingualLogoFunctionality" time="0.88"/>
  <testcase classname="TestClasses.HomePageFunctionality" name="verifyProfileFunctionality" time="2.784"/>
  <testcase classname="TestClasses.HomePageFunctionality" name="verifyNOChangePasswordFunctionality" time="3.834"/>
  <testcase classname="TestClasses.HomePageFunctionality" name="verifyWrongPasswordFunctionality" time="4.094"/>
  <testcase classname="TestClasses.HomePageFunctionality" name="verifyChangePasswordFunctionality" time="3.853"/>
  <testcase classname="TestClasses.HomePageFunctionality" name="verifyLogoutFunctionality" time="5.353"/>
</testsuite> <!-- Default test -->
