<?xml version="1.0" encoding="UTF-8"?>
<!-- Generated by org.testng.reporters.JUnitXMLReporter -->
<testsuite ignored="0" hostname="WSAMZN-AO2UGDUI" failures="0" tests="6" name="Test" time="32.048" errors="0" timestamp="2023-01-05T05:09:12 UTC">
  <testcase classname="TestClasses.HomePageFunctionality" name="verifyHeaderFunctionality" time="1.987"/>
  <testcase classname="TestClasses.HomePageFunctionality" name="verifyDateTimeFunctionality" time="0.409"/>
  <testcase classname="TestClasses.HomePageFunctionality" name="verifyMultilingualLogoFunctionality" time="0.924"/>
  <testcase classname="TestClasses.HomePageFunctionality" name="verifyProfileFunctionality" time="1.951"/>
  <testcase classname="TestClasses.HomePageFunctionality" name="verifyChangePasswordFunctionality" time="4.914"/>
  <testcase classname="TestClasses.HomePageFunctionality" name="verifyLogoutFunctionality" time="5.402"/>
</testsuite> <!-- Test -->
